[debug] [2026-05-02T00:19:52.185Z] ----------------------------------------------------------------------
[debug] [2026-05-02T00:19:52.187Z] Command:       C:\nvm4w\nodejs\node.exe C:\nvm4w\nodejs\node_modules\firebase-tools\lib\bin\firebase.js emulators:start --only functions
[debug] [2026-05-02T00:19:52.187Z] CLI Version:   15.16.0
[debug] [2026-05-02T00:19:52.187Z] Platform:      win32
[debug] [2026-05-02T00:19:52.187Z] Node Version:  v24.15.0
[debug] [2026-05-02T00:19:52.187Z] Time:          Sat May 02 2026 03:19:52 GMT+0300 (Eastern European Summer Time)
[debug] [2026-05-02T00:19:52.187Z] ----------------------------------------------------------------------
[debug] 
[debug] [2026-05-02T00:19:53.047Z] > command requires scopes: ["email","openid","https://www.googleapis.com/auth/cloudplatformprojects.readonly","https://www.googleapis.com/auth/firebase","https://www.googleapis.com/auth/cloud-platform"]
[debug] [2026-05-02T00:19:53.047Z] > authorizing via signed-in user (omarelsokari94@gmail.com)
[info] i  emulators: Starting emulators: functions {"metadata":{"emulator":{"name":"hub"},"message":"Starting emulators: functions"}}
[debug] [2026-05-02T00:19:53.055Z] [logging] Logging Emulator only supports listening on one address (127.0.0.1). Not listening on ::1
[debug] [2026-05-02T00:19:53.055Z] assigned listening specs for emulators {"user":{"hub":[{"address":"127.0.0.1","family":"IPv4","port":4400},{"address":"::1","family":"IPv6","port":4400}],"ui":[{"address":"127.0.0.1","family":"IPv4","port":4000},{"address":"::1","family":"IPv6","port":4000}],"logging":[{"address":"127.0.0.1","family":"IPv4","port":4500}]},"metadata":{"message":"assigned listening specs for emulators"}}
[debug] [2026-05-02T00:19:53.059Z] Found emulator hub locator: {"version":"15.16.0","origins":["http://127.0.0.1:4400","http://[::1]:4400"],"pid":9092}
[debug] [2026-05-02T00:19:53.059Z] Write emulator hub locator at C:\Users\OMAR\AppData\Local\Temp\hub-betshawerma-2e5eb.json
[debug] [2026-05-02T00:19:53.070Z] [functions] Functions Emulator only supports listening on one address (127.0.0.1). Not listening on ::1
[debug] [2026-05-02T00:19:53.070Z] [eventarc] Eventarc Emulator only supports listening on one address (127.0.0.1). Not listening on ::1
[debug] [2026-05-02T00:19:53.070Z] [tasks] Cloud Tasks Emulator only supports listening on one address (127.0.0.1). Not listening on ::1
[debug] [2026-05-02T00:19:53.070Z] late-assigned ports for functions and eventarc emulators {"user":{"hub":[{"address":"127.0.0.1","family":"IPv4","port":4400},{"address":"::1","family":"IPv6","port":4400}],"ui":[{"address":"127.0.0.1","family":"IPv4","port":4000},{"address":"::1","family":"IPv6","port":4000}],"logging":[{"address":"127.0.0.1","family":"IPv4","port":4500}],"functions":[{"address":"127.0.0.1","family":"IPv4","port":5001}],"eventarc":[{"address":"127.0.0.1","family":"IPv4","port":9299}],"tasks":[{"address":"127.0.0.1","family":"IPv4","port":9499}]},"metadata":{"message":"late-assigned ports for functions and eventarc emulators"}}
[warn] !  functions: The following emulators are not running, calls to these services from the Functions emulator will affect production: apphosting, auth, firestore, database, hosting, pubsub, storage, dataconnect {"metadata":{"emulator":{"name":"functions"},"message":"The following emulators are not running, calls to these services from the Functions emulator will affect production: \u001b[1mapphosting, auth, firestore, database, hosting, pubsub, storage, dataconnect\u001b[22m"}}
[debug] [2026-05-02T00:19:53.130Z] defaultcredentials: writing to file C:\Users\OMAR\AppData\Roaming\firebase\omarelsokari94_gmail_com_application_default_credentials.json
[debug] [2026-05-02T00:19:53.132Z] Setting GAC to C:\Users\OMAR\AppData\Roaming\firebase\omarelsokari94_gmail_com_application_default_credentials.json {"metadata":{"emulator":{"name":"functions"},"message":"Setting GAC to C:\\Users\\OMAR\\AppData\\Roaming\\firebase\\omarelsokari94_gmail_com_application_default_credentials.json"}}
[debug] [2026-05-02T00:19:53.133Z] Checked if tokens are valid: false, expires at: 1777681406711
[debug] [2026-05-02T00:19:53.133Z] Checked if tokens are valid: false, expires at: 1777681406711
[debug] [2026-05-02T00:19:53.133Z] > refreshing access token with scopes: []
[debug] [2026-05-02T00:19:53.134Z] >>> [apiv2][query] POST https://www.googleapis.com/oauth2/v3/token [none]
[debug] [2026-05-02T00:19:53.134Z] >>> [apiv2][body] POST https://www.googleapis.com/oauth2/v3/token [omitted]
[debug] [2026-05-02T00:19:53.518Z] <<< [apiv2][status] POST https://www.googleapis.com/oauth2/v3/token 200
[debug] [2026-05-02T00:19:53.518Z] <<< [apiv2][body] POST https://www.googleapis.com/oauth2/v3/token [omitted]
[debug] [2026-05-02T00:19:53.533Z] >>> [apiv2][query] GET https://firebase.googleapis.com/v1beta1/projects/betshawerma-2e5eb/adminSdkConfig [none]
[debug] [2026-05-02T00:19:53.973Z] <<< [apiv2][status] GET https://firebase.googleapis.com/v1beta1/projects/betshawerma-2e5eb/adminSdkConfig 200
[debug] [2026-05-02T00:19:53.973Z] <<< [apiv2][body] GET https://firebase.googleapis.com/v1beta1/projects/betshawerma-2e5eb/adminSdkConfig {"projectId":"betshawerma-2e5eb","databaseURL":"https://betshawerma-2e5eb-default-rtdb.firebaseio.com","storageBucket":"betshawerma-2e5eb.firebasestorage.app"}
[info] i  functions: Watching "D:\work\Betshawerma_b1\Betshawerma_b1\backend\functions" for Cloud Functions... {"metadata":{"emulator":{"name":"functions"},"message":"Watching \"D:\\work\\Betshawerma_b1\\Betshawerma_b1\\backend\\functions\" for Cloud Functions..."}}
[debug] [2026-05-02T00:19:53.996Z] Validating nodejs source
[debug] [2026-05-02T00:19:54.922Z] > [functions] package.json contents: {
  "main": "lib/index.js",
  "scripts": {
    "genkit:start": "genkit start -- tsx --watch src/genkit-sample.ts",
    "lint": "eslint --ext .js,.ts .",
    "build": "tsc",
    "build:watch": "tsc --watch",
    "serve": "npm run build && firebase emulators:start --only functions",
    "shell": "npm run build && firebase functions:shell",
    "start": "npm run shell",
    "deploy": "firebase deploy --only functions",
    "logs": "firebase functions:log"
  },
  "name": "functions",
  "engines": {
    "node": "24"
  },
  "dependencies": {
    "@dataconnect/admin-generated": "file:src/dataconnect-admin-generated",
    "@genkit-ai/google-genai": "^1.33.0",
    "express": "^5.2.1",
    "firebase-admin": "^13.6.0",
    "firebase-functions": "^7.0.0",
    "genkit": "^1.32.0"
  },
  "devDependencies": {
    "@typescript-eslint/eslint-plugin": "^5.12.0",
    "@typescript-eslint/parser": "^5.12.0",
    "eslint": "^8.9.0",
    "eslint-config-google": "^0.14.0",
    "eslint-plugin-import": "^2.25.4",
    "firebase-functions-test": "^3.4.1",
    "tsx": "^4.21.0",
    "typescript": "^6.0.3"
  },
  "private": true
}
[debug] [2026-05-02T00:19:54.922Z] Building nodejs source
[debug] [2026-05-02T00:19:54.923Z] Failed to find version of module node: reached end of search path D:\work\Betshawerma_b1\Betshawerma_b1\backend\functions\node_modules
[info] +  functions: Using node@24 from host. 
[debug] [2026-05-02T00:19:54.925Z] Failed to validate key FIREBASE_DATABASE_URL: Error: Key FIREBASE_DATABASE_URL starts with a reserved prefix (X_GOOGLE_ FIREBASE_ EXT_)
[error] !!  functions: Failed to load function definition from source: FirebaseError: Failed to load environment variables from .env. {"metadata":{"emulator":{"name":"functions"},"message":"Failed to load function definition from source: FirebaseError: Failed to load environment variables from .env."}}
[debug] [2026-05-02T00:19:54.932Z] Could not find VSCode notification endpoint: FetchError: request to http://localhost:40001/vscode/notify failed, reason: . If you are not running the Firebase SQL Connect VSCode extension, this is expected and not an issue.
[info] 
┌─────────────────────────────────────────────────────────────┐
│ ✔  All emulators ready! It is now safe to connect your app. │
│ i  View Emulator UI at http://127.0.0.1:4000/               │
└─────────────────────────────────────────────────────────────┘

┌───────────┬────────────────┬─────────────────────────────────┐
│ Emulator  │ Host:Port      │ View in Emulator UI             │
├───────────┼────────────────┼─────────────────────────────────┤
│ Functions │ 127.0.0.1:5001 │ http://127.0.0.1:4000/functions │
└───────────┴────────────────┴─────────────────────────────────┘
  Emulator Hub host: 127.0.0.1 port: 4400
  Other reserved ports: 4500

Issues? Report them at https://github.com/firebase/firebase-tools/issues and attach the *-debug.log files.
 
[debug] [2026-05-02T00:20:22.816Z] Received signal SIGHUP 1
[info]  
[info] i  emulators: Received SIGHUP for the first time. Starting a clean shutdown. 
[info] i  emulators: Please wait for a clean shutdown or send the SIGHUP signal again to stop right now. 
[info] i  emulators: Shutting down emulators. {"metadata":{"emulator":{"name":"hub"},"message":"Shutting down emulators."}}
[info] i  ui: Stopping Emulator UI {"metadata":{"emulator":{"name":"ui"},"message":"Stopping Emulator UI"}}
[info] i  functions: Stopping Functions Emulator {"metadata":{"emulator":{"name":"functions"},"message":"Stopping Functions Emulator"}}
[info] i  eventarc: Stopping Eventarc Emulator {"metadata":{"emulator":{"name":"eventarc"},"message":"Stopping Eventarc Emulator"}}
[info] i  tasks: Stopping Cloud Tasks Emulator {"metadata":{"emulator":{"name":"tasks"},"message":"Stopping Cloud Tasks Emulator"}}
[info] i  hub: Stopping emulator hub {"metadata":{"emulator":{"name":"hub"},"message":"Stopping emulator hub"}}
[info] i  logging: Stopping Logging Emulator {"metadata":{"emulator":{"name":"logging"},"message":"Stopping Logging Emulator"}}
[debug] [2026-05-02T00:20:22.841Z] Could not find VSCode notification endpoint: FetchError: request to http://localhost:40001/vscode/notify failed, reason: . If you are not running the Firebase SQL Connect VSCode extension, this is expected and not an issue.
